<?xml version="1.0" encoding="UTF-8"?>
<!-- Generated by org.testng.reporters.JUnitReportReporter -->
<testsuite hostname="LAPTOP-KSJA3OB9" failures="0" tests="1" name="Edit.SauceDemo.Asignacion2" time="4.605" errors="0" timestamp="2022-11-27T13:48:21 ART" skipped="0">
  <testcase classname="Edit.SauceDemo.Asignacion2" name="InicioDeSesion" time="4.605"/>
  <system-out/>
</testsuite> <!-- Edit.SauceDemo.Asignacion2 -->
