<?xml version="1.0" encoding="UTF-8"?>
<!-- Generated by org.testng.reporters.JUnitReportReporter -->
<testsuite hostname="LAPTOP-KSJA3OB9" failures="0" tests="1" name="Edit.SauceDemo.AppTest" time="0.017" errors="0" timestamp="2022-11-22T00:47:40 ART" skipped="0">
  <testcase classname="Edit.SauceDemo.AppTest" name="shouldAnswerWithTrue" time="0.017"/>
  <system-out/>
</testsuite> <!-- Edit.SauceDemo.AppTest -->
